<?xml version="1.0" encoding="UTF-8"?>
<!-- Generated by org.testng.reporters.JUnitReportReporter -->
<testsuite hostname="LAPTOP-LA2GNSIL" failures="0" tests="1" name="scripts.TestCase2" time="61.206" errors="0" timestamp="2022-11-21T14:58:11 IST" skipped="0">
  <testcase classname="scripts.TestCase2" name="submitOrder" time="61.206"/>
  <system-out/>
</testsuite> <!-- scripts.TestCase2 -->
