<?xml version="1.0" encoding="UTF-8"?>
<!-- Generated by org.testng.reporters.JUnitReportReporter -->
<testsuite hostname="LAPTOP-LA2GNSIL" failures="0" tests="1" name="scripts.TestCase4" time="31.729" errors="0" timestamp="2022-11-21T14:53:48 IST" skipped="0">
  <testcase classname="scripts.TestCase4" name="submitOrder" time="31.729"/>
  <system-out/>
</testsuite> <!-- scripts.TestCase4 -->
