<?xml version="1.0" encoding="UTF-8"?>
<!-- Generated by org.testng.reporters.JUnitReportReporter -->
<testsuite hostname="LAPTOP-LA2GNSIL" failures="0" tests="1" name="testScripts.TestCase4" time="18.528" errors="0" timestamp="2022-11-25T14:18:31 IST" skipped="0">
  <testcase classname="testScripts.TestCase4" name="fourthTest" time="18.528"/>
  <system-out/>
</testsuite> <!-- testScripts.TestCase4 -->
