<?xml version="1.0" encoding="UTF-8"?>
<!-- Generated by org.testng.reporters.JUnitReportReporter -->
<testsuite hostname="LAPTOP-LA2GNSIL" failures="0" tests="1" name="testScripts.TestCase3" time="41.422" errors="0" timestamp="2022-11-25T14:14:58 IST" skipped="0">
  <testcase classname="testScripts.TestCase3" name="thirdTest" time="41.422"/>
  <system-out/>
</testsuite> <!-- testScripts.TestCase3 -->
