<?xml version="1.0" encoding="UTF-8"?>
<!-- Generated by org.testng.reporters.JUnitReportReporter -->
<testsuite hostname="LAPTOP-LA2GNSIL" failures="0" tests="1" name="testScripts.TestCase2" time="24.519" errors="0" timestamp="2022-11-25T14:13:57 IST" skipped="0">
  <testcase classname="testScripts.TestCase2" name="secondTest" time="24.519"/>
  <system-out/>
</testsuite> <!-- testScripts.TestCase2 -->
