<?xml version="1.0" encoding="UTF-8"?>
<!-- Generated by org.testng.reporters.JUnitReportReporter -->
<testsuite hostname="LAPTOP-LA2GNSIL" failures="0" tests="1" name="testScripts.TestCase1" time="17.954" errors="0" timestamp="2022-11-25T14:12:42 IST" skipped="0">
  <testcase classname="testScripts.TestCase1" name="firstTest" time="17.954"/>
  <system-out/>
</testsuite> <!-- testScripts.TestCase1 -->
